#! /usr/local/Cellar/icarus-verilog/10.0/bin/vvp
:ivl_version "10.0 (stable)" "(v10_0)";
:ivl_delay_selection "TYPICAL";
:vpi_time_precision + 0;
:vpi_module "system";
:vpi_module "vhdl_sys";
:vpi_module "v2005_math";
:vpi_module "va_math";
S_0x7fd877f00160 .scope module, "xor3test" "xor3test" 2 7;
 .timescale 0 0;
v0x7fd877f10890_0 .var "a", 0 0;
v0x7fd877f10930_0 .net "abc", 0 0, L_0x7fd877f10c90;  1 drivers
v0x7fd877f109e0_0 .var "b", 0 0;
v0x7fd877f10ab0_0 .var "c", 0 0;
S_0x7fd877f002d0 .scope module, "g" "xor3" 2 11, 2 1 0, S_0x7fd877f00160;
 .timescale 0 0;
    .port_info 0 /INPUT 1 "a"
    .port_info 1 /INPUT 1 "b"
    .port_info 2 /INPUT 1 "c"
    .port_info 3 /OUTPUT 1 "abc"
L_0x7fd877f10b60 .functor XOR 1, v0x7fd877f10890_0, v0x7fd877f109e0_0, C4<0>, C4<0>;
L_0x7fd877f10c90 .functor XOR 1, v0x7fd877f10ab0_0, L_0x7fd877f10b60, C4<0>, C4<0>;
v0x7fd877f004e0_0 .net "a", 0 0, v0x7fd877f10890_0;  1 drivers
v0x7fd877f10580_0 .net "ab", 0 0, L_0x7fd877f10b60;  1 drivers
v0x7fd877f10620_0 .net "abc", 0 0, L_0x7fd877f10c90;  alias, 1 drivers
v0x7fd877f106d0_0 .net "b", 0 0, v0x7fd877f109e0_0;  1 drivers
v0x7fd877f10770_0 .net "c", 0 0, v0x7fd877f10ab0_0;  1 drivers
    .scope S_0x7fd877f00160;
T_0 ;
    %pushi/vec4 0, 0, 1;
    %store/vec4 v0x7fd877f10890_0, 0, 1;
    %pushi/vec4 0, 0, 1;
    %store/vec4 v0x7fd877f109e0_0, 0, 1;
    %pushi/vec4 0, 0, 1;
    %store/vec4 v0x7fd877f10ab0_0, 0, 1;
    %end;
    .thread T_0;
    .scope S_0x7fd877f00160;
T_1 ;
    %delay 50, 0;
    %load/vec4 v0x7fd877f10890_0;
    %pad/u 2;
    %addi 1, 0, 2;
    %pad/u 1;
    %store/vec4 v0x7fd877f10890_0, 0, 1;
    %vpi_call 2 22 "$monitor", "%4dns monitor: a=%d b=%d c=%d a^b^c=%d", $stime, v0x7fd877f10890_0, v0x7fd877f109e0_0, v0x7fd877f10ab0_0, v0x7fd877f10930_0 {0 0 0};
    %jmp T_1;
    .thread T_1;
    .scope S_0x7fd877f00160;
T_2 ;
    %delay 100, 0;
    %load/vec4 v0x7fd877f109e0_0;
    %pad/u 2;
    %addi 1, 0, 2;
    %pad/u 1;
    %store/vec4 v0x7fd877f109e0_0, 0, 1;
    %jmp T_2;
    .thread T_2;
    .scope S_0x7fd877f00160;
T_3 ;
    %delay 200, 0;
    %load/vec4 v0x7fd877f10ab0_0;
    %pad/u 2;
    %addi 1, 0, 2;
    %pad/u 1;
    %store/vec4 v0x7fd877f10ab0_0, 0, 1;
    %jmp T_3;
    .thread T_3;
    .scope S_0x7fd877f00160;
T_4 ;
    %delay 2000, 0;
    %vpi_call 2 33 "$finish" {0 0 0};
    %end;
    .thread T_4;
# The file index is used to find the file name in the following table.
:file_names 3;
    "N/A";
    "<interactive>";
    "xor3.v";
